<?xml version="1.0" encoding="UTF-8"?>
<!-- Generated by org.testng.reporters.JUnitXMLReporter -->
<testsuite hostname="LSTKEN13574" name="Default test" tests="3" failures="0" timestamp="2 Dec 2015 22:54:41 GMT" time="0.078" errors="0">
  <testcase name="divisionWithException" time="0.016" classname="com.stk.testng.hellotestng.com.stk.testng.hellotestng.ExampleTest"/>
  <testcase name="hello" time="0.0" classname="com.stk.testng.hellotestng.com.stk.testng.hellotestng.ExampleTest"/>
  <testcase name="parameterTest" time="0.015" classname="com.stk.testng.hellotestng.com.stk.testng.hellotestng.ExampleTest">
    <skipped/>
  </testcase> <!-- parameterTest -->
</testsuite> <!-- Default test -->
