<?xml version="1.0" encoding="UTF-8"?>
<!-- Generated by org.testng.reporters.JUnitXMLReporter -->
<testsuite hostname="LSTKEN13574" name="Test" tests="3" failures="0" timestamp="2 Dec 2015 20:17:57 GMT" time="0.047" errors="0">
  <testcase name="divisionWithException" time="0.016" classname="com.stk.testng.hellotestng.com.stk.testng.hellotestng.ExampleTest"/>
  <testcase name="hello" time="0.0" classname="com.stk.testng.hellotestng.com.stk.testng.hellotestng.ExampleTest"/>
  <testcase name="parameterTest" time="0.0" classname="com.stk.testng.hellotestng.com.stk.testng.hellotestng.ExampleTest"/>
</testsuite> <!-- Test -->
