<?xml version="1.0" encoding="UTF-8"?>
<!-- Generated by org.testng.reporters.JUnitXMLReporter -->
<testsuite hostname="LSTKEN13574" name="Test" tests="5" failures="0" timestamp="3 Dec 2015 21:27:32 GMT" time="0.078" errors="0">
  <testcase name="method1" time="0.015" classname="com.stk.testng.hellotestng.com.stk.testng.hellotestng.ExampleTest"/>
  <testcase name="hello" time="0.016" classname="com.stk.testng.hellotestng.com.stk.testng.hellotestng.ExampleTest"/>
  <testcase name="divisionWithException" time="0.0" classname="com.stk.testng.hellotestng.com.stk.testng.hellotestng.ExampleTest"/>
  <testcase name="parameterTest" time="0.015" classname="com.stk.testng.hellotestng.com.stk.testng.hellotestng.ExampleTest"/>
  <testcase name="method2" time="0.0" classname="com.stk.testng.hellotestng.com.stk.testng.hellotestng.ExampleTest"/>
</testsuite> <!-- Test -->
