<?xml version="1.0" encoding="UTF-8"?>
<testng-results skipped="0" failed="0" total="3" passed="3">
  <reporter-output>
  </reporter-output>
  <suite name="Suite" duration-ms="47" started-at="2015-12-02T12:17:57Z" finished-at="2015-12-02T12:17:57Z">
    <groups>
    </groups>
    <test name="Test" duration-ms="47" started-at="2015-12-02T12:17:57Z" finished-at="2015-12-02T12:17:57Z">
      <class name="com.stk.testng.hellotestng.com.stk.testng.hellotestng.ExampleTest">
        <test-method status="PASS" signature="print()[pri:0, instance:com.stk.testng.hellotestng.com.stk.testng.hellotestng.ExampleTest@549e3065]" name="print" is-config="true" duration-ms="15" started-at="2015-12-02T12:17:57Z" finished-at="2015-12-02T12:17:57Z">
        </test-method> <!-- print -->
        <test-method status="PASS" signature="divisionWithException()[pri:0, instance:com.stk.testng.hellotestng.com.stk.testng.hellotestng.ExampleTest@549e3065]" name="divisionWithException" duration-ms="16" started-at="2015-12-02T12:17:57Z" finished-at="2015-12-02T12:17:57Z">
          <exception class="java.lang.ArithmeticException">
            <message>
              <![CDATA[/ by zero]]>
            </message>
            <full-stacktrace>
              <![CDATA[java.lang.ArithmeticException: / by zero
	at com.stk.testng.hellotestng.com.stk.testng.hellotestng.ExampleTest.divisionWithException(ExampleTest.java:25)
	at sun.reflect.NativeMethodAccessorImpl.invoke0(Native Method)
	at sun.reflect.NativeMethodAccessorImpl.invoke(NativeMethodAccessorImpl.java:57)
	at sun.reflect.DelegatingMethodAccessorImpl.invoke(DelegatingMethodAccessorImpl.java:43)
	at java.lang.reflect.Method.invoke(Method.java:601)
	at org.testng.internal.MethodInvocationHelper.invokeMethod(MethodInvocationHelper.java:80)
	at org.testng.internal.Invoker.invokeMethod(Invoker.java:702)
	at org.testng.internal.Invoker.invokeTestMethod(Invoker.java:894)
	at org.testng.internal.Invoker.invokeTestMethods(Invoker.java:1219)
	at org.testng.internal.TestMethodWorker.invokeTestMethods(TestMethodWorker.java:127)
	at org.testng.internal.TestMethodWorker.run(TestMethodWorker.java:111)
	at org.testng.TestRunner.privateRun(TestRunner.java:768)
	at org.testng.TestRunner.run(TestRunner.java:617)
	at org.testng.SuiteRunner.runTest(SuiteRunner.java:334)
	at org.testng.SuiteRunner.runSequentially(SuiteRunner.java:329)
	at org.testng.SuiteRunner.privateRun(SuiteRunner.java:291)
	at org.testng.SuiteRunner.run(SuiteRunner.java:240)
	at org.testng.SuiteRunnerWorker.runSuite(SuiteRunnerWorker.java:53)
	at org.testng.SuiteRunnerWorker.run(SuiteRunnerWorker.java:87)
	at org.testng.TestNG.runSuitesSequentially(TestNG.java:1188)
	at org.testng.TestNG.runSuitesLocally(TestNG.java:1113)
	at org.testng.TestNG.run(TestNG.java:1025)
	at org.testng.remote.RemoteTestNG.run(RemoteTestNG.java:115)
	at org.testng.remote.RemoteTestNG.initAndRun(RemoteTestNG.java:207)
	at org.testng.remote.RemoteTestNG.main(RemoteTestNG.java:178)
]]>
            </full-stacktrace>
          </exception> <!-- java.lang.ArithmeticException -->
        </test-method> <!-- divisionWithException -->
        <test-method status="PASS" signature="hello()[pri:0, instance:com.stk.testng.hellotestng.com.stk.testng.hellotestng.ExampleTest@549e3065]" name="hello" duration-ms="0" started-at="2015-12-02T12:17:57Z" finished-at="2015-12-02T12:17:57Z">
        </test-method> <!-- hello -->
        <test-method status="PASS" signature="parameterTest(java.lang.String)[pri:0, instance:com.stk.testng.hellotestng.com.stk.testng.hellotestng.ExampleTest@549e3065]" name="parameterTest" duration-ms="0" started-at="2015-12-02T12:17:57Z" finished-at="2015-12-02T12:17:57Z">
          <params>
            <param index="0">
              <value>
                <![CDATA[adrian]]>
              </value>
            </param>
          </params>
        </test-method> <!-- parameterTest -->
        <test-method status="PASS" signature="after()[pri:0, instance:com.stk.testng.hellotestng.com.stk.testng.hellotestng.ExampleTest@549e3065]" name="after" is-config="true" duration-ms="0" started-at="2015-12-02T12:17:57Z" finished-at="2015-12-02T12:17:57Z">
        </test-method> <!-- after -->
      </class> <!-- com.stk.testng.hellotestng.com.stk.testng.hellotestng.ExampleTest -->
    </test> <!-- Test -->
  </suite> <!-- Suite -->
</testng-results>
